app/build/intermediates/manifest_merge_blame_file/debug/manifest-merger-blame-debug-report.txt
1<?xml version="1.0" encoding="utf-8"?>
2<manifest xmlns:android="http://schemas.android.com/apk/res/android"
3    package="com.vincent_falzon.discreetlauncher"
4    android:versionCode="54"
5    android:versionName="v6.6.0" >
6
7    <uses-sdk
8        android:minSdkVersion="21"
8-->src\main\AndroidManifest.xml
9        android:targetSdkVersion="30" />
9-->src\main\AndroidManifest.xml
10
11    <!-- Required for Android 11+ (<queries> not applicable for Launcher applications) -->
12    <uses-permission android:name="android.permission.QUERY_ALL_PACKAGES" />
12-->src\main\AndroidManifest.xml:7:5-8:52
12-->src\main\AndroidManifest.xml:7:22-74
13
14    <application
14-->src\main\AndroidManifest.xml:10:5-88:19
15        android:allowBackup="false"
15-->src\main\AndroidManifest.xml:11:9-36
16        android:appComponentFactory="androidx.core.app.CoreComponentFactory"
16-->[androidx.core:core:1.5.0] AndroidManifest.xml:24:18-86
17        android:debuggable="true"
18        android:icon="@mipmap/ic_launcher"
18-->src\main\AndroidManifest.xml:12:9-43
19        android:label="@string/app_name"
19-->src\main\AndroidManifest.xml:13:9-41
20        android:supportsRtl="false"
20-->src\main\AndroidManifest.xml:15:9-36
21        android:testOnly="true"
22        android:theme="@style/AppThemeTransparent" >
22-->src\main\AndroidManifest.xml:14:9-51
23        <activity
23-->src\main\AndroidManifest.xml:17:9-28:20
24            android:name="com.vincent_falzon.discreetlauncher.ActivityMain"
24-->src\main\AndroidManifest.xml:18:13-41
25            android:excludeFromRecents="true"
25-->src\main\AndroidManifest.xml:21:13-46
26            android:label="@string/app_name"
26-->src\main\AndroidManifest.xml:19:13-45
27            android:launchMode="singleTask" >
27-->src\main\AndroidManifest.xml:20:13-44
28            <intent-filter>
28-->src\main\AndroidManifest.xml:22:13-27:29
29                <action android:name="android.intent.action.MAIN" />
29-->src\main\AndroidManifest.xml:23:17-68
29-->src\main\AndroidManifest.xml:23:25-66
30
31                <category android:name="android.intent.category.LAUNCHER" />
31-->src\main\AndroidManifest.xml:24:17-76
31-->src\main\AndroidManifest.xml:24:27-74
32                <category android:name="android.intent.category.HOME" />
32-->src\main\AndroidManifest.xml:25:17-72
32-->src\main\AndroidManifest.xml:25:27-70
33                <category android:name="android.intent.category.DEFAULT" />
33-->src\main\AndroidManifest.xml:26:17-75
33-->src\main\AndroidManifest.xml:26:27-73
34            </intent-filter>
35        </activity>
36        <activity
36-->src\main\AndroidManifest.xml:30:9-34:46
37            android:name="com.vincent_falzon.discreetlauncher.menu.ActivityFavorites"
37-->src\main\AndroidManifest.xml:31:13-51
38            android:label="@string/menu_favorites"
38-->src\main\AndroidManifest.xml:32:13-51
39            android:parentActivityName="com.vincent_falzon.discreetlauncher.ActivityMain"
39-->src\main\AndroidManifest.xml:33:13-55
40            android:theme="@style/AppTheme" />
40-->src\main\AndroidManifest.xml:34:13-44
41        <activity
41-->src\main\AndroidManifest.xml:36:9-40:46
42            android:name="com.vincent_falzon.discreetlauncher.menu.ActivityFolders"
42-->src\main\AndroidManifest.xml:37:13-49
43            android:label="@string/menu_folders"
43-->src\main\AndroidManifest.xml:38:13-49
44            android:parentActivityName="com.vincent_falzon.discreetlauncher.ActivityMain"
44-->src\main\AndroidManifest.xml:39:13-55
45            android:theme="@style/AppTheme" />
45-->src\main\AndroidManifest.xml:40:13-44
46        <activity
46-->src\main\AndroidManifest.xml:42:9-46:46
47            android:name="com.vincent_falzon.discreetlauncher.settings.ActivitySettingsAppearance"
47-->src\main\AndroidManifest.xml:43:13-64
48            android:label="@string/menu_settings_appearance"
48-->src\main\AndroidManifest.xml:44:13-61
49            android:parentActivityName="com.vincent_falzon.discreetlauncher.ActivityMain"
49-->src\main\AndroidManifest.xml:45:13-55
50            android:theme="@style/AppTheme" />
50-->src\main\AndroidManifest.xml:46:13-44
51        <activity
51-->src\main\AndroidManifest.xml:48:9-52:46
52            android:name="com.vincent_falzon.discreetlauncher.settings.ActivitySettingsOperation"
52-->src\main\AndroidManifest.xml:49:13-63
53            android:label="@string/menu_settings_operation"
53-->src\main\AndroidManifest.xml:50:13-60
54            android:parentActivityName="com.vincent_falzon.discreetlauncher.ActivityMain"
54-->src\main\AndroidManifest.xml:51:13-55
55            android:theme="@style/AppTheme" />
55-->src\main\AndroidManifest.xml:52:13-44
56        <activity
56-->src\main\AndroidManifest.xml:54:9-58:46
57            android:name="com.vincent_falzon.discreetlauncher.settings.ActivityExportImport"
57-->src\main\AndroidManifest.xml:55:13-58
58            android:label="@string/menu_export_import"
58-->src\main\AndroidManifest.xml:56:13-55
59            android:parentActivityName="com.vincent_falzon.discreetlauncher.settings.ActivitySettingsAppearance"
59-->src\main\AndroidManifest.xml:57:13-78
60            android:theme="@style/AppTheme" />
60-->src\main\AndroidManifest.xml:58:13-44
61        <activity
61-->src\main\AndroidManifest.xml:60:9-67:20
62            android:name="com.vincent_falzon.discreetlauncher.quickaccess.PopupFavorites"
62-->src\main\AndroidManifest.xml:61:13-55
63            android:excludeFromRecents="true"
63-->src\main\AndroidManifest.xml:63:13-46
64            android:theme="@style/AppThemeNotification" >
64-->src\main\AndroidManifest.xml:62:13-56
65            <intent-filter>
65-->src\main\AndroidManifest.xml:64:13-66:29
66                <action android:name="android.intent.action.MAIN" />
66-->src\main\AndroidManifest.xml:23:17-68
66-->src\main\AndroidManifest.xml:23:25-66
67            </intent-filter>
68        </activity>
69        <activity
69-->src\main\AndroidManifest.xml:69:9-76:20
70            android:name="com.vincent_falzon.discreetlauncher.quickaccess.ShortcutCreator"
70-->src\main\AndroidManifest.xml:70:13-56
71            android:excludeFromRecents="true"
71-->src\main\AndroidManifest.xml:72:13-46
72            android:label="@string/notification_text" >
72-->src\main\AndroidManifest.xml:71:13-54
73            <intent-filter>
73-->src\main\AndroidManifest.xml:73:13-75:29
74                <action android:name="android.intent.action.CREATE_SHORTCUT" />
74-->src\main\AndroidManifest.xml:74:17-79
74-->src\main\AndroidManifest.xml:74:25-77
75            </intent-filter>
76        </activity>
77        <activity
77-->src\main\AndroidManifest.xml:78:9-86:20
78            android:name="com.vincent_falzon.discreetlauncher.events.ShortcutListener"
78-->src\main\AndroidManifest.xml:79:13-52
79            android:excludeFromRecents="true"
79-->src\main\AndroidManifest.xml:81:13-46
80            android:parentActivityName="com.vincent_falzon.discreetlauncher.ActivityMain" >
80-->src\main\AndroidManifest.xml:80:13-55
81            <intent-filter>
81-->src\main\AndroidManifest.xml:82:13-85:29
82                <action android:name="android.content.pm.action.CONFIRM_PIN_SHORTCUT" />
82-->src\main\AndroidManifest.xml:83:17-88
82-->src\main\AndroidManifest.xml:83:25-86
83
84                <category android:name="android.intent.category.DEFAULT" />
84-->src\main\AndroidManifest.xml:26:17-75
84-->src\main\AndroidManifest.xml:26:27-73
85            </intent-filter>
86        </activity>
87    </application>
88
89</manifest>